[0;34m[INFO][0m 开始验证推送系统修复效果...
[0;34m[INFO][0m 检查修复的文件...
[0;32m[SUCCESS][0m 文件存在: services/public_service/websocket_service.go
[0;32m[SUCCESS][0m 文件存在: services/public_service/websocket_offline_messages.go
[0;32m[SUCCESS][0m 文件存在: pkg/websocket/hub.go
[0;32m[SUCCESS][0m 文件存在: controllers/public/websocket_controller.go
[0;34m[INFO][0m 检查修复的函数...
[0;32m[SUCCESS][0m sendMessageToUser函数已添加
[0;32m[SUCCESS][0m getOnlineUserIDs函数已添加
[0;32m[SUCCESS][0m GetUserClients函数已添加
[0;32m[SUCCESS][0m IsUserOnline函数已添加
[0;32m[SUCCESS][0m RemoveClient函数已添加
[0;32m[SUCCESS][0m GetOnlineUserIDs函数已添加
[0;34m[INFO][0m 检查离线消息逻辑...
[0;32m[SUCCESS][0m 离线消息保存逻辑已添加
[0;32m[SUCCESS][0m 离线消息发送逻辑已添加
[0;32m[SUCCESS][0m 消息状态更新逻辑已添加
[0;34m[INFO][0m 检查用户连接管理...
[0;32m[SUCCESS][0m 用户连接注册逻辑已添加
[0;32m[SUCCESS][0m 用户连接注销逻辑已添加
[0;34m[INFO][0m 检查编译错误...
[0;32m[SUCCESS][0m 代码编译成功
[0;34m[INFO][0m 检查数据库连接...
[1;33m[WARNING][0m MongoDB客户端未安装，跳过连接检查
[0;32m[SUCCESS][0m Redis连接正常
[0;34m[INFO][0m 生成修复报告...
=== 推送系统修复验证报告 ===
生成时间: 2025年 7月 1日 星期二 20时53分52秒 CST

## 修复内容
1. ✅ 修复了离线消息推送问题
   - 用户不在线时自动保存为离线消息
   - 用户上线时自动发送离线消息
   - 离线消息发送后正确更新接收状态

2. ✅ 修复了用户接收记录状态问题
   - 消息发送后立即标记为已投递
   - 离线消息发送后更新接收记录
   - 添加了完整的用户连接状态管理

3. ✅ 优化了消息发送流程
   - 统一了消息发送和状态更新逻辑
   - 添加了消息发送失败时的离线存储
   - 改进了用户在线状态检测

## 测试建议
1. 启动服务后，使用test_offline_messages.sh脚本测试
2. 测试用户离线时发送消息，然后用户上线检查离线消息
3. 检查管理端用户接收记录的状态是否正确
4. 验证消息的已读、已确认状态更新是否正常

## 注意事项
1. 确保MongoDB和Redis服务正常运行
2. 检查WebSocket连接是否正常建立
3. 监控日志中的错误信息
4. 定期清理过期的离线消息
[0;32m[SUCCESS][0m 验证完成！详细报告已保存到 push_system_verification.log
