
2024/09/16 22:17:36 D:/mycode/nasa-go-admin/comster/login.go:33 Error 1054 (42S22): Unknown column 'createTime' in 'field list'
[4.930ms] [rows:0] INSERT INTO `app_user` (`username`,`password`,`enable`,`createTime`,`updateTime`) VALUES ('admin','e10adc3949ba59abbe56e057f20f883e',false,'2024-09-16 22:17:36.99','2024-09-16 22:17:36.99')

2024/09/16 22:19:01 D:/mycode/nasa-go-admin/comster/login.go:33 Error 1054 (42S22): Unknown column 'createTime' in 'field list'
[3.429ms] [rows:0] INSERT INTO `app_user` (`username`,`password`,`enable`,`createTime`,`updateTime`) VALUES ('admin','e10adc3949ba59abbe56e057f20f883e',false,'2024-09-16 22:19:01.442','2024-09-16 22:19:01.442')

2024/09/16 22:27:20 D:/mycode/nasa-go-admin/comster/login.go:36 Error 1054 (42S22): Unknown column 'createTime' in 'field list'
[7.537ms] [rows:0] INSERT INTO `app_user` (`username`,`password`,`enable`,`createTime`,`updateTime`) VALUES ('admin','e10adc3949ba59abbe56e057f20f883e',false,'2024-09-16 22:27:20.182','2024-09-16 22:27:20.182')

2024/09/16 22:37:11 D:/mycode/nasa-go-admin/comster/login.go:36 Error 1054 (42S22): Unknown column 'createTime' in 'field list'
[7.252ms] [rows:0] INSERT INTO `app_user` (`username`,`password`,`enable`,`createTime`,`updateTime`) VALUES ('admin','e10adc3949ba59abbe56e057f20f883e',false,'2024-09-16 22:37:11.8','2024-09-16 22:37:11.8')

2024/09/16 22:42:53 D:/mycode/nasa-go-admin/comster/login.go:35 Error 1054 (42S22): Unknown column 'createTime' in 'field list'
[9.853ms] [rows:0] INSERT INTO `app_user` (`username`,`password`,`enable`,`createTime`,`updateTime`) VALUES ('admin','e10adc3949ba59abbe56e057f20f883e',false,'2024-09-16 22:42:53.191','2024-09-16 22:42:53.191')

2024/09/16 22:42:55 D:/mycode/nasa-go-admin/comster/login.go:35 Error 1054 (42S22): Unknown column 'createTime' in 'field list'
[6.553ms] [rows:0] INSERT INTO `app_user` (`username`,`password`,`enable`,`createTime`,`updateTime`) VALUES ('admin','e10adc3949ba59abbe56e057f20f883e',false,'2024-09-16 22:42:55.985','2024-09-16 22:42:55.985')

2024/09/16 22:45:01 D:/mycode/nasa-go-admin/comster/login.go:35 Error 1364 (HY000): Field 'id' doesn't have a default value
[21.835ms] [rows:0] INSERT INTO `app_user` (`username`,`password`,`enable`,`create_time`,`update_time`) VALUES ('admin','e10adc3949ba59abbe56e057f20f883e',false,'2024-09-16 22:45:01.535','2024-09-16 22:45:01.535')

2024/09/16 22:46:33 D:/mycode/nasa-go-admin/comster/login.go:35
[16.441ms] [rows:1] INSERT INTO `app_user` (`username`,`password`,`enable`,`create_time`,`update_time`) VALUES ('admin','e10adc3949ba59abbe56e057f20f883e',false,'2024-09-16 22:46:33.501','2024-09-16 22:46:33.501')

2024/09/16 22:46:33 D:/mycode/nasa-go-admin/comster/login.go:39 Error 1054 (42S22): Unknown column 'nickName' in 'field list'
[1.158ms] [rows:0] INSERT INTO `app_user` (`avatar`,`address`,`email`,`nickName`,`create_time`,`id`) VALUES ('','','','admin','',1)

2024/09/16 22:46:59 D:/mycode/nasa-go-admin/comster/login.go:35
[14.396ms] [rows:1] INSERT INTO `app_user` (`username`,`password`,`enable`,`create_time`,`update_time`) VALUES ('admin','e10adc3949ba59abbe56e057f20f883e',false,'2024-09-16 22:46:59.875','2024-09-16 22:46:59.875')

2024/09/16 22:46:59 D:/mycode/nasa-go-admin/comster/login.go:39 Error 1054 (42S22): Unknown column 'nickName' in 'field list'
[7.505ms] [rows:0] INSERT INTO `app_user` (`avatar`,`address`,`email`,`nickName`,`create_time`,`id`) VALUES ('','','','admin','',2)

2024/09/16 22:53:13 D:/mycode/nasa-go-admin/comster/login.go:31
[19.056ms] [rows:0] SELECT * FROM `app_user` WHERE phone = '16620436582' ORDER BY `app_user`.`id` LIMIT 1

2024/09/16 22:53:13 D:/mycode/nasa-go-admin/comster/login.go:45
[29.231ms] [rows:1] INSERT INTO `app_user` (`username`,`password`,`enable`,`phone`,`create_time`,`update_time`) VALUES ('admin','e10adc3949ba59abbe56e057f20f883e',false,'16620436582','2024-09-16 22:53:13.802','2024-09-16 22:53:13.802')

2024/09/16 22:53:13 D:/mycode/nasa-go-admin/comster/login.go:49 Error 1054 (42S22): Unknown column 'nickName' in 'field list'
[7.700ms] [rows:0] INSERT INTO `app_user` (`avatar`,`address`,`email`,`nickName`,`create_time`,`update_time`,`phone`,`id`) VALUES ('','','','admin','','','',3)

2024/09/16 22:54:28 D:/mycode/nasa-go-admin/comster/login.go:31
[15.959ms] [rows:1] SELECT * FROM `app_user` WHERE phone = '16620436582' ORDER BY `app_user`.`id` LIMIT 1

2024/09/16 23:08:48 D:/mycode/nasa-go-admin/services/app_service/login.go:43
[15.923ms] [rows:1] SELECT * FROM `app_user` WHERE phone = '16620436582' ORDER BY `app_user`.`id` LIMIT 1

2024/09/16 23:11:52 D:/mycode/nasa-go-admin/services/app_service/login.go:43
[17.437ms] [rows:1] SELECT * FROM `app_user` WHERE phone = '16620436582' ORDER BY `app_user`.`id` LIMIT 1

2024/09/16 23:12:42 D:/mycode/nasa-go-admin/services/app_service/login.go:43
[18.255ms] [rows:1] SELECT * FROM `app_user` WHERE phone = '16620436582' ORDER BY `app_user`.`id` LIMIT 1

2024/09/16 23:12:47 D:/mycode/nasa-go-admin/services/app_service/login.go:43
[16.365ms] [rows:1] SELECT * FROM `app_user` WHERE phone = '16620436582' ORDER BY `app_user`.`id` LIMIT 1

2024/09/16 23:13:15 D:/mycode/nasa-go-admin/services/app_service/login.go:43
[17.048ms] [rows:1] SELECT * FROM `app_user` WHERE phone = '16620436582' ORDER BY `app_user`.`id` LIMIT 1

2024/09/16 23:13:17 D:/mycode/nasa-go-admin/services/app_service/login.go:43
[16.927ms] [rows:1] SELECT * FROM `app_user` WHERE phone = '16620436582' ORDER BY `app_user`.`id` LIMIT 1

2024/09/16 23:20:01 D:/mycode/nasa-go-admin/services/app_service/login.go:44
[17.703ms] [rows:0] SELECT * FROM `app_user` WHERE phone = '16620436582' AND password = '827ccb0eea8a706c4c34a16891f84e7b' ORDER BY `app_user`.`id` LIMIT 1

2024/09/16 23:20:12 D:/mycode/nasa-go-admin/services/app_service/login.go:44
[18.812ms] [rows:1] SELECT * FROM `app_user` WHERE phone = '16620436582' AND password = 'e10adc3949ba59abbe56e057f20f883e' ORDER BY `app_user`.`id` LIMIT 1

2024/09/16 23:23:05 D:/mycode/nasa-go-admin/services/app_service/login.go:44
[13.459ms] [rows:1] SELECT * FROM `app_user` WHERE phone = '16620436582' ORDER BY `app_user`.`id` LIMIT 1

2024/09/16 23:23:15 D:/mycode/nasa-go-admin/services/app_service/login.go:44
[11.378ms] [rows:1] SELECT * FROM `app_user` WHERE phone = '16620436582' ORDER BY `app_user`.`id` LIMIT 1

2024/09/16 23:29:00 D:/mycode/nasa-go-admin/services/app_service/login.go:61
[21.826ms] [rows:1] SELECT * FROM `app_user` WHERE phone = '16620436582' ORDER BY `app_user`.`id` LIMIT 1

2024/09/16 23:29:08 D:/mycode/nasa-go-admin/services/app_service/login.go:45
[16.635ms] [rows:1] SELECT * FROM `app_user` WHERE phone = '16620436582' ORDER BY `app_user`.`id` LIMIT 1

2024/09/16 23:34:29 D:/mycode/nasa-go-admin/services/app_service/login.go:47
[16.045ms] [rows:1] SELECT * FROM `app_user` WHERE phone = '16620436582' ORDER BY `app_user`.`id` LIMIT 1

2024/09/16 23:35:19 D:/mycode/nasa-go-admin/services/app_service/login.go:47
[18.982ms] [rows:1] SELECT * FROM `app_user` WHERE phone = '16620436582' ORDER BY `app_user`.`id` LIMIT 1

2024/09/16 23:35:44 D:/mycode/nasa-go-admin/services/app_service/login.go:47
[20.771ms] [rows:1] SELECT * FROM `app_user` WHERE phone = '16620436582' ORDER BY `app_user`.`id` LIMIT 1

2024/09/16 23:36:01 D:/mycode/nasa-go-admin/services/app_service/login.go:47
[16.716ms] [rows:1] SELECT * FROM `app_user` WHERE phone = '16620436582' ORDER BY `app_user`.`id` LIMIT 1
